\BOOKMARK [0][-]{chapter.1}{\376\377\0001\000\040\000T\000D\000F\0000\0002\000-\0001\0004\0005\000\040\000R\000e\000m\000o\000t\000e}{}% 1
\BOOKMARK [1][-]{section.1.1}{\376\377\0001\000.\0001\000\040\000I\000n\000t\000r\000o\000d\000u\000c\000t\000i\000o\000n}{chapter.1}% 2
\BOOKMARK [1][-]{section.1.2}{\376\377\0001\000.\0002\000\040\000T\000h\000i\000n\000g\000s\000\040\000t\000o\000\040\000k\000n\000o\000w}{chapter.1}% 3
\BOOKMARK [2][-]{subsection.1.2.1}{\376\377\0001\000.\0002\000.\0001\000\040\000M\000A\000C\000\040\000A\000d\000d\000r\000e\000s\000s}{section.1.2}% 4
\BOOKMARK [2][-]{subsection.1.2.2}{\376\377\0001\000.\0002\000.\0002\000\040\000W\000h\000a\000t\000\040\000w\000o\000r\000k\000s\000\040\000h\000o\000w}{section.1.2}% 5
\BOOKMARK [3][-]{subsubsection.1.2.2.1}{\376\377\0001\000.\0002\000.\0002\000.\0001\000\040\000A\000u\000t\000h\000o\000r}{subsection.1.2.2}% 6
\BOOKMARK [3][-]{subsubsection.1.2.2.2}{\376\377\0001\000.\0002\000.\0002\000.\0002\000\040\000V\000e\000r\000s\000i\000o\000n}{subsection.1.2.2}% 7
\BOOKMARK [0][-]{chapter.2}{\376\377\0002\000\040\000N\000a\000m\000e\000s\000p\000a\000c\000e\000\040\000I\000n\000d\000e\000x}{}% 8
\BOOKMARK [1][-]{section.2.1}{\376\377\0002\000.\0001\000\040\000P\000a\000c\000k\000a\000g\000e\000s}{chapter.2}% 9
\BOOKMARK [0][-]{chapter.3}{\376\377\0003\000\040\000H\000i\000e\000r\000a\000r\000c\000h\000i\000c\000a\000l\000\040\000I\000n\000d\000e\000x}{}% 10
\BOOKMARK [1][-]{section.3.1}{\376\377\0003\000.\0001\000\040\000C\000l\000a\000s\000s\000\040\000H\000i\000e\000r\000a\000r\000c\000h\000y}{chapter.3}% 11
\BOOKMARK [0][-]{chapter.4}{\376\377\0004\000\040\000C\000l\000a\000s\000s\000\040\000I\000n\000d\000e\000x}{}% 12
\BOOKMARK [1][-]{section.4.1}{\376\377\0004\000.\0001\000\040\000C\000l\000a\000s\000s\000\040\000L\000i\000s\000t}{chapter.4}% 13
\BOOKMARK [0][-]{chapter.5}{\376\377\0005\000\040\000F\000i\000l\000e\000\040\000I\000n\000d\000e\000x}{}% 14
\BOOKMARK [1][-]{section.5.1}{\376\377\0005\000.\0001\000\040\000F\000i\000l\000e\000\040\000L\000i\000s\000t}{chapter.5}% 15
\BOOKMARK [0][-]{chapter.6}{\376\377\0006\000\040\000N\000a\000m\000e\000s\000p\000a\000c\000e\000\040\000D\000o\000c\000u\000m\000e\000n\000t\000a\000t\000i\000o\000n}{}% 16
\BOOKMARK [1][-]{section.6.1}{\376\377\0006\000.\0001\000\040\000P\000a\000c\000k\000a\000g\000e\000\040\000c\000o\000m}{chapter.6}% 17
\BOOKMARK [1][-]{section.6.2}{\376\377\0006\000.\0002\000\040\000P\000a\000c\000k\000a\000g\000e\000\040\000c\000o\000m\000.\000e\000x\000a\000m\000p\000l\000e}{chapter.6}% 18
\BOOKMARK [1][-]{section.6.3}{\376\377\0006\000.\0003\000\040\000P\000a\000c\000k\000a\000g\000e\000\040\000c\000o\000m\000.\000e\000x\000a\000m\000p\000l\000e\000.\000c\000h\000o\000t\000u\000r\000e\000m\000o\000t\000e}{chapter.6}% 19
\BOOKMARK [1][-]{section.6.4}{\376\377\0006\000.\0004\000\040\000P\000a\000c\000k\000a\000g\000e\000\040\000c\000o\000m\000.\000e\000x\000a\000m\000p\000l\000e\000.\000c\000h\000o\000t\000u\000r\000e\000m\000o\000t\000e\000.\000u\000i}{chapter.6}% 20
\BOOKMARK [1][-]{section.6.5}{\376\377\0006\000.\0005\000\040\000P\000a\000c\000k\000a\000g\000e\000\040\000c\000o\000m\000.\000e\000x\000a\000m\000p\000l\000e\000.\000c\000h\000o\000t\000u\000r\000e\000m\000o\000t\000e\000.\000u\000i\000.\000m\000a\000i\000n}{chapter.6}% 21
\BOOKMARK [0][-]{chapter.7}{\376\377\0007\000\040\000C\000l\000a\000s\000s\000\040\000D\000o\000c\000u\000m\000e\000n\000t\000a\000t\000i\000o\000n}{}% 22
\BOOKMARK [1][-]{section.7.1}{\376\377\0007\000.\0001\000\040\000c\000o\000m\000.\000e\000x\000a\000m\000p\000l\000e\000.\000c\000h\000o\000t\000u\000r\000e\000m\000o\000t\000e\000.\000M\000y\000B\000l\000u\000e\000t\000o\000o\000t\000h\000S\000e\000r\000v\000i\000c\000e\000.\000C\000o\000n\000n\000e\000c\000t\000e\000d\000T\000h\000r\000e\000a\000d\000\040\000C\000l\000a\000s\000s\000\040\000R\000e\000f\000e\000r\000e\000n\000c\000e}{chapter.7}% 23
\BOOKMARK [2][-]{subsection.7.1.1}{\376\377\0007\000.\0001\000.\0001\000\040\000D\000e\000t\000a\000i\000l\000e\000d\000\040\000D\000e\000s\000c\000r\000i\000p\000t\000i\000o\000n}{section.7.1}% 24
\BOOKMARK [2][-]{subsection.7.1.2}{\376\377\0007\000.\0001\000.\0002\000\040\000C\000o\000n\000s\000t\000r\000u\000c\000t\000o\000r\000\040\000\046\000\040\000D\000e\000s\000t\000r\000u\000c\000t\000o\000r\000\040\000D\000o\000c\000u\000m\000e\000n\000t\000a\000t\000i\000o\000n}{section.7.1}% 25
\BOOKMARK [3][-]{subsubsection.7.1.2.1}{\376\377\0007\000.\0001\000.\0002\000.\0001\000\040\000C\000o\000n\000n\000e\000c\000t\000e\000d\000T\000h\000r\000e\000a\000d\000\050\000\051}{subsection.7.1.2}% 26
\BOOKMARK [2][-]{subsection.7.1.3}{\376\377\0007\000.\0001\000.\0003\000\040\000M\000e\000m\000b\000e\000r\000\040\000F\000u\000n\000c\000t\000i\000o\000n\000\040\000D\000o\000c\000u\000m\000e\000n\000t\000a\000t\000i\000o\000n}{section.7.1}% 27
\BOOKMARK [3][-]{subsubsection.7.1.3.1}{\376\377\0007\000.\0001\000.\0003\000.\0001\000\040\000c\000a\000n\000c\000e\000l\000\050\000\051}{subsection.7.1.3}% 28
\BOOKMARK [3][-]{subsubsection.7.1.3.2}{\376\377\0007\000.\0001\000.\0003\000.\0002\000\040\000r\000u\000n\000\050\000\051}{subsection.7.1.3}% 29
\BOOKMARK [3][-]{subsubsection.7.1.3.3}{\376\377\0007\000.\0001\000.\0003\000.\0003\000\040\000w\000r\000i\000t\000e\000\050\000\051}{subsection.7.1.3}% 30
\BOOKMARK [2][-]{subsection.7.1.4}{\376\377\0007\000.\0001\000.\0004\000\040\000M\000e\000m\000b\000e\000r\000\040\000D\000a\000t\000a\000\040\000D\000o\000c\000u\000m\000e\000n\000t\000a\000t\000i\000o\000n}{section.7.1}% 31
\BOOKMARK [3][-]{subsubsection.7.1.4.1}{\376\377\0007\000.\0001\000.\0004\000.\0001\000\040\000m\000m\000I\000n\000S\000t\000r\000e\000a\000m}{subsection.7.1.4}% 32
\BOOKMARK [3][-]{subsubsection.7.1.4.2}{\376\377\0007\000.\0001\000.\0004\000.\0002\000\040\000m\000m\000O\000u\000t\000S\000t\000r\000e\000a\000m}{subsection.7.1.4}% 33
\BOOKMARK [3][-]{subsubsection.7.1.4.3}{\376\377\0007\000.\0001\000.\0004\000.\0003\000\040\000m\000m\000S\000o\000c\000k\000e\000t}{subsection.7.1.4}% 34
\BOOKMARK [1][-]{section.7.2}{\376\377\0007\000.\0002\000\040\000c\000o\000m\000.\000e\000x\000a\000m\000p\000l\000e\000.\000c\000h\000o\000t\000u\000r\000e\000m\000o\000t\000e\000.\000M\000y\000B\000l\000u\000e\000t\000o\000o\000t\000h\000S\000e\000r\000v\000i\000c\000e\000.\000C\000o\000n\000n\000e\000c\000t\000T\000h\000r\000e\000a\000d\000\040\000C\000l\000a\000s\000s\000\040\000R\000e\000f\000e\000r\000e\000n\000c\000e}{chapter.7}% 35
\BOOKMARK [2][-]{subsection.7.2.1}{\376\377\0007\000.\0002\000.\0001\000\040\000D\000e\000t\000a\000i\000l\000e\000d\000\040\000D\000e\000s\000c\000r\000i\000p\000t\000i\000o\000n}{section.7.2}% 36
\BOOKMARK [2][-]{subsection.7.2.2}{\376\377\0007\000.\0002\000.\0002\000\040\000C\000o\000n\000s\000t\000r\000u\000c\000t\000o\000r\000\040\000\046\000\040\000D\000e\000s\000t\000r\000u\000c\000t\000o\000r\000\040\000D\000o\000c\000u\000m\000e\000n\000t\000a\000t\000i\000o\000n}{section.7.2}% 37
\BOOKMARK [3][-]{subsubsection.7.2.2.1}{\376\377\0007\000.\0002\000.\0002\000.\0001\000\040\000C\000o\000n\000n\000e\000c\000t\000T\000h\000r\000e\000a\000d\000\050\000\051}{subsection.7.2.2}% 38
\BOOKMARK [2][-]{subsection.7.2.3}{\376\377\0007\000.\0002\000.\0003\000\040\000M\000e\000m\000b\000e\000r\000\040\000F\000u\000n\000c\000t\000i\000o\000n\000\040\000D\000o\000c\000u\000m\000e\000n\000t\000a\000t\000i\000o\000n}{section.7.2}% 39
\BOOKMARK [3][-]{subsubsection.7.2.3.1}{\376\377\0007\000.\0002\000.\0003\000.\0001\000\040\000c\000a\000n\000c\000e\000l\000\050\000\051}{subsection.7.2.3}% 40
\BOOKMARK [3][-]{subsubsection.7.2.3.2}{\376\377\0007\000.\0002\000.\0003\000.\0002\000\040\000r\000u\000n\000\050\000\051}{subsection.7.2.3}% 41
\BOOKMARK [2][-]{subsection.7.2.4}{\376\377\0007\000.\0002\000.\0004\000\040\000M\000e\000m\000b\000e\000r\000\040\000D\000a\000t\000a\000\040\000D\000o\000c\000u\000m\000e\000n\000t\000a\000t\000i\000o\000n}{section.7.2}% 42
\BOOKMARK [3][-]{subsubsection.7.2.4.1}{\376\377\0007\000.\0002\000.\0004\000.\0001\000\040\000m\000m\000S\000o\000c\000k\000e\000t}{subsection.7.2.4}% 43
\BOOKMARK [1][-]{section.7.3}{\376\377\0007\000.\0003\000\040\000c\000o\000m\000.\000e\000x\000a\000m\000p\000l\000e\000.\000c\000h\000o\000t\000u\000r\000e\000m\000o\000t\000e\000.\000u\000i\000.\000m\000a\000i\000n\000.\000E\000x\000p\000r\000e\000s\000s\000i\000o\000n\000s\000F\000r\000a\000g\000m\000e\000n\000t\000\040\000C\000l\000a\000s\000s\000\040\000R\000e\000f\000e\000r\000e\000n\000c\000e}{chapter.7}% 44
\BOOKMARK [2][-]{subsection.7.3.1}{\376\377\0007\000.\0003\000.\0001\000\040\000D\000e\000t\000a\000i\000l\000e\000d\000\040\000D\000e\000s\000c\000r\000i\000p\000t\000i\000o\000n}{section.7.3}% 45
\BOOKMARK [2][-]{subsection.7.3.2}{\376\377\0007\000.\0003\000.\0002\000\040\000C\000o\000n\000s\000t\000r\000u\000c\000t\000o\000r\000\040\000\046\000\040\000D\000e\000s\000t\000r\000u\000c\000t\000o\000r\000\040\000D\000o\000c\000u\000m\000e\000n\000t\000a\000t\000i\000o\000n}{section.7.3}% 46
\BOOKMARK [3][-]{subsubsection.7.3.2.1}{\376\377\0007\000.\0003\000.\0002\000.\0001\000\040\000E\000x\000p\000r\000e\000s\000s\000i\000o\000n\000s\000F\000r\000a\000g\000m\000e\000n\000t\000\050\000\051}{subsection.7.3.2}% 47
\BOOKMARK [2][-]{subsection.7.3.3}{\376\377\0007\000.\0003\000.\0003\000\040\000M\000e\000m\000b\000e\000r\000\040\000F\000u\000n\000c\000t\000i\000o\000n\000\040\000D\000o\000c\000u\000m\000e\000n\000t\000a\000t\000i\000o\000n}{section.7.3}% 48
\BOOKMARK [3][-]{subsubsection.7.3.3.1}{\376\377\0007\000.\0003\000.\0003\000.\0001\000\040\000o\000n\000C\000r\000e\000a\000t\000e\000V\000i\000e\000w\000\050\000\051}{subsection.7.3.3}% 49
\BOOKMARK [1][-]{section.7.4}{\376\377\0007\000.\0004\000\040\000c\000o\000m\000.\000e\000x\000a\000m\000p\000l\000e\000.\000c\000h\000o\000t\000u\000r\000e\000m\000o\000t\000e\000.\000u\000i\000.\000m\000a\000i\000n\000.\000E\000x\000p\000r\000e\000s\000s\000i\000o\000n\000s\000W\000o\000r\000d\000A\000d\000a\000p\000t\000e\000r\000\040\000C\000l\000a\000s\000s\000\040\000R\000e\000f\000e\000r\000e\000n\000c\000e}{chapter.7}% 50
\BOOKMARK [2][-]{subsection.7.4.1}{\376\377\0007\000.\0004\000.\0001\000\040\000D\000e\000t\000a\000i\000l\000e\000d\000\040\000D\000e\000s\000c\000r\000i\000p\000t\000i\000o\000n}{section.7.4}% 51
\BOOKMARK [2][-]{subsection.7.4.2}{\376\377\0007\000.\0004\000.\0002\000\040\000C\000o\000n\000s\000t\000r\000u\000c\000t\000o\000r\000\040\000\046\000\040\000D\000e\000s\000t\000r\000u\000c\000t\000o\000r\000\040\000D\000o\000c\000u\000m\000e\000n\000t\000a\000t\000i\000o\000n}{section.7.4}% 52
\BOOKMARK [3][-]{subsubsection.7.4.2.1}{\376\377\0007\000.\0004\000.\0002\000.\0001\000\040\000E\000x\000p\000r\000e\000s\000s\000i\000o\000n\000s\000W\000o\000r\000d\000A\000d\000a\000p\000t\000e\000r\000\050\000\051}{subsection.7.4.2}% 53
\BOOKMARK [2][-]{subsection.7.4.3}{\376\377\0007\000.\0004\000.\0003\000\040\000M\000e\000m\000b\000e\000r\000\040\000F\000u\000n\000c\000t\000i\000o\000n\000\040\000D\000o\000c\000u\000m\000e\000n\000t\000a\000t\000i\000o\000n}{section.7.4}% 54
\BOOKMARK [3][-]{subsubsection.7.4.3.1}{\376\377\0007\000.\0004\000.\0003\000.\0001\000\040\000g\000e\000t\000V\000i\000e\000w\000\050\000\051}{subsection.7.4.3}% 55
\BOOKMARK [2][-]{subsection.7.4.4}{\376\377\0007\000.\0004\000.\0004\000\040\000M\000e\000m\000b\000e\000r\000\040\000D\000a\000t\000a\000\040\000D\000o\000c\000u\000m\000e\000n\000t\000a\000t\000i\000o\000n}{section.7.4}% 56
\BOOKMARK [3][-]{subsubsection.7.4.4.1}{\376\377\0007\000.\0004\000.\0004\000.\0001\000\040\000m\000C\000o\000l\000o\000r\000R\000e\000s\000o\000u\000r\000c\000e\000I\000d}{subsection.7.4.4}% 57
\BOOKMARK [1][-]{section.7.5}{\376\377\0007\000.\0005\000\040\000c\000o\000m\000.\000e\000x\000a\000m\000p\000l\000e\000.\000c\000h\000o\000t\000u\000r\000e\000m\000o\000t\000e\000.\000u\000i\000.\000m\000a\000i\000n\000.\000L\000o\000c\000o\000m\000o\000t\000i\000o\000n\000F\000r\000a\000g\000m\000e\000n\000t\000\040\000C\000l\000a\000s\000s\000\040\000R\000e\000f\000e\000r\000e\000n\000c\000e}{chapter.7}% 58
\BOOKMARK [2][-]{subsection.7.5.1}{\376\377\0007\000.\0005\000.\0001\000\040\000D\000e\000t\000a\000i\000l\000e\000d\000\040\000D\000e\000s\000c\000r\000i\000p\000t\000i\000o\000n}{section.7.5}% 59
\BOOKMARK [2][-]{subsection.7.5.2}{\376\377\0007\000.\0005\000.\0002\000\040\000C\000o\000n\000s\000t\000r\000u\000c\000t\000o\000r\000\040\000\046\000\040\000D\000e\000s\000t\000r\000u\000c\000t\000o\000r\000\040\000D\000o\000c\000u\000m\000e\000n\000t\000a\000t\000i\000o\000n}{section.7.5}% 60
\BOOKMARK [3][-]{subsubsection.7.5.2.1}{\376\377\0007\000.\0005\000.\0002\000.\0001\000\040\000L\000o\000c\000o\000m\000o\000t\000i\000o\000n\000F\000r\000a\000g\000m\000e\000n\000t\000\050\000\051}{subsection.7.5.2}% 61
\BOOKMARK [2][-]{subsection.7.5.3}{\376\377\0007\000.\0005\000.\0003\000\040\000M\000e\000m\000b\000e\000r\000\040\000F\000u\000n\000c\000t\000i\000o\000n\000\040\000D\000o\000c\000u\000m\000e\000n\000t\000a\000t\000i\000o\000n}{section.7.5}% 62
\BOOKMARK [3][-]{subsubsection.7.5.3.1}{\376\377\0007\000.\0005\000.\0003\000.\0001\000\040\000o\000n\000C\000r\000e\000a\000t\000e\000V\000i\000e\000w\000\050\000\051}{subsection.7.5.3}% 63
\BOOKMARK [1][-]{section.7.6}{\376\377\0007\000.\0006\000\040\000c\000o\000m\000.\000e\000x\000a\000m\000p\000l\000e\000.\000c\000h\000o\000t\000u\000r\000e\000m\000o\000t\000e\000.\000u\000i\000.\000m\000a\000i\000n\000.\000L\000o\000c\000o\000m\000o\000t\000i\000o\000n\000W\000o\000r\000d\000A\000d\000a\000p\000t\000e\000r\000\040\000C\000l\000a\000s\000s\000\040\000R\000e\000f\000e\000r\000e\000n\000c\000e}{chapter.7}% 64
\BOOKMARK [2][-]{subsection.7.6.1}{\376\377\0007\000.\0006\000.\0001\000\040\000D\000e\000t\000a\000i\000l\000e\000d\000\040\000D\000e\000s\000c\000r\000i\000p\000t\000i\000o\000n}{section.7.6}% 65
\BOOKMARK [2][-]{subsection.7.6.2}{\376\377\0007\000.\0006\000.\0002\000\040\000C\000o\000n\000s\000t\000r\000u\000c\000t\000o\000r\000\040\000\046\000\040\000D\000e\000s\000t\000r\000u\000c\000t\000o\000r\000\040\000D\000o\000c\000u\000m\000e\000n\000t\000a\000t\000i\000o\000n}{section.7.6}% 66
\BOOKMARK [3][-]{subsubsection.7.6.2.1}{\376\377\0007\000.\0006\000.\0002\000.\0001\000\040\000L\000o\000c\000o\000m\000o\000t\000i\000o\000n\000W\000o\000r\000d\000A\000d\000a\000p\000t\000e\000r\000\050\000\051}{subsection.7.6.2}% 67
\BOOKMARK [2][-]{subsection.7.6.3}{\376\377\0007\000.\0006\000.\0003\000\040\000M\000e\000m\000b\000e\000r\000\040\000F\000u\000n\000c\000t\000i\000o\000n\000\040\000D\000o\000c\000u\000m\000e\000n\000t\000a\000t\000i\000o\000n}{section.7.6}% 68
\BOOKMARK [3][-]{subsubsection.7.6.3.1}{\376\377\0007\000.\0006\000.\0003\000.\0001\000\040\000g\000e\000t\000V\000i\000e\000w\000\050\000\051}{subsection.7.6.3}% 69
\BOOKMARK [2][-]{subsection.7.6.4}{\376\377\0007\000.\0006\000.\0004\000\040\000M\000e\000m\000b\000e\000r\000\040\000D\000a\000t\000a\000\040\000D\000o\000c\000u\000m\000e\000n\000t\000a\000t\000i\000o\000n}{section.7.6}% 70
\BOOKMARK [3][-]{subsubsection.7.6.4.1}{\376\377\0007\000.\0006\000.\0004\000.\0001\000\040\000m\000C\000o\000l\000o\000r\000R\000e\000s\000o\000u\000r\000c\000e\000I\000d}{subsection.7.6.4}% 71
\BOOKMARK [1][-]{section.7.7}{\376\377\0007\000.\0007\000\040\000c\000o\000m\000.\000e\000x\000a\000m\000p\000l\000e\000.\000c\000h\000o\000t\000u\000r\000e\000m\000o\000t\000e\000.\000M\000a\000i\000n\000A\000c\000t\000i\000v\000i\000t\000y\000\040\000C\000l\000a\000s\000s\000\040\000R\000e\000f\000e\000r\000e\000n\000c\000e}{chapter.7}% 72
\BOOKMARK [2][-]{subsection.7.7.1}{\376\377\0007\000.\0007\000.\0001\000\040\000D\000e\000t\000a\000i\000l\000e\000d\000\040\000D\000e\000s\000c\000r\000i\000p\000t\000i\000o\000n}{section.7.7}% 73
\BOOKMARK [2][-]{subsection.7.7.2}{\376\377\0007\000.\0007\000.\0002\000\040\000M\000e\000m\000b\000e\000r\000\040\000F\000u\000n\000c\000t\000i\000o\000n\000\040\000D\000o\000c\000u\000m\000e\000n\000t\000a\000t\000i\000o\000n}{section.7.7}% 74
\BOOKMARK [3][-]{subsubsection.7.7.2.1}{\376\377\0007\000.\0007\000.\0002\000.\0001\000\040\000b\000e\000g\000i\000n\000C\000o\000n\000n\000e\000c\000t\000i\000o\000n\000\050\000\051}{subsection.7.7.2}% 75
\BOOKMARK [3][-]{subsubsection.7.7.2.2}{\376\377\0007\000.\0007\000.\0002\000.\0002\000\040\000o\000n\000A\000c\000t\000i\000v\000i\000t\000y\000R\000e\000s\000u\000l\000t\000\050\000\051}{subsection.7.7.2}% 76
\BOOKMARK [3][-]{subsubsection.7.7.2.3}{\376\377\0007\000.\0007\000.\0002\000.\0003\000\040\000o\000n\000C\000r\000e\000a\000t\000e\000\050\000\051}{subsection.7.7.2}% 77
\BOOKMARK [3][-]{subsubsection.7.7.2.4}{\376\377\0007\000.\0007\000.\0002\000.\0004\000\040\000o\000n\000D\000e\000s\000t\000r\000o\000y\000\050\000\051}{subsection.7.7.2}% 78
\BOOKMARK [3][-]{subsubsection.7.7.2.5}{\376\377\0007\000.\0007\000.\0002\000.\0005\000\040\000s\000h\000o\000w\000T\000o\000a\000s\000t\000M\000e\000t\000h\000o\000d\000\050\000\051}{subsection.7.7.2}% 79
\BOOKMARK [3][-]{subsubsection.7.7.2.6}{\376\377\0007\000.\0007\000.\0002\000.\0006\000\040\000w\000r\000i\000t\000e\000T\000o\000B\000l\000u\000e\000t\000o\000o\000t\000h\000\050\000\051}{subsection.7.7.2}% 80
\BOOKMARK [2][-]{subsection.7.7.3}{\376\377\0007\000.\0007\000.\0003\000\040\000M\000e\000m\000b\000e\000r\000\040\000D\000a\000t\000a\000\040\000D\000o\000c\000u\000m\000e\000n\000t\000a\000t\000i\000o\000n}{section.7.7}% 81
\BOOKMARK [3][-]{subsubsection.7.7.3.1}{\376\377\0007\000.\0007\000.\0003\000.\0001\000\040\000b\000l\000u\000e\000t\000o\000o\000t\000h\000A\000d\000a\000p\000t\000e\000r}{subsection.7.7.3}% 82
\BOOKMARK [3][-]{subsubsection.7.7.3.2}{\376\377\0007\000.\0007\000.\0003\000.\0002\000\040\000D\000I\000S\000A\000B\000L\000E}{subsection.7.7.3}% 83
\BOOKMARK [3][-]{subsubsection.7.7.3.3}{\376\377\0007\000.\0007\000.\0003\000.\0003\000\040\000E\000N\000A\000B\000L\000E}{subsection.7.7.3}% 84
\BOOKMARK [3][-]{subsubsection.7.7.3.4}{\376\377\0007\000.\0007\000.\0003\000.\0004\000\040\000M\000A\000C\000\137\000A\000D\000D\000R\000E\000S\000S}{subsection.7.7.3}% 85
\BOOKMARK [3][-]{subsubsection.7.7.3.5}{\376\377\0007\000.\0007\000.\0003\000.\0005\000\040\000m\000B\000T\000S\000t\000a\000t\000e\000B\000r\000o\000a\000d\000c\000a\000s\000t\000R\000e\000c\000e\000i\000v\000e\000r}{subsection.7.7.3}% 86
\BOOKMARK [3][-]{subsubsection.7.7.3.6}{\376\377\0007\000.\0007\000.\0003\000.\0006\000\040\000M\000Y\000\137\000U\000U\000I\000D}{subsection.7.7.3}% 87
\BOOKMARK [3][-]{subsubsection.7.7.3.7}{\376\377\0007\000.\0007\000.\0003\000.\0007\000\040\000m\000y\000B\000l\000u\000e\000t\000o\000o\000t\000h\000S\000e\000r\000v\000i\000c\000e}{subsection.7.7.3}% 88
\BOOKMARK [3][-]{subsubsection.7.7.3.8}{\376\377\0007\000.\0007\000.\0003\000.\0008\000\040\000P\000O\000K\000E}{subsection.7.7.3}% 89
\BOOKMARK [3][-]{subsubsection.7.7.3.9}{\376\377\0007\000.\0007\000.\0003\000.\0009\000\040\000P\000O\000K\000E\000\137\000S\000L\000E\000E\000P\000\137\000C\000L\000A\000S\000S\000I\000F\000I\000E\000R}{subsection.7.7.3}% 90
\BOOKMARK [3][-]{subsubsection.7.7.3.10}{\376\377\0007\000.\0007\000.\0003\000.\0001\0000\000\040\000R\000E\000Q\000U\000E\000S\000T\000\137\000E\000N\000A\000B\000L\000E\000\137\000B\000T}{subsection.7.7.3}% 91
\BOOKMARK [3][-]{subsubsection.7.7.3.11}{\376\377\0007\000.\0007\000.\0003\000.\0001\0001\000\040\000s\000e\000c\000t\000i\000o\000n\000s\000P\000a\000g\000e\000r\000A\000d\000a\000p\000t\000e\000r}{subsection.7.7.3}% 92
\BOOKMARK [3][-]{subsubsection.7.7.3.12}{\376\377\0007\000.\0007\000.\0003\000.\0001\0002\000\040\000S\000E\000P\000A\000R\000A\000T\000O\000R}{subsection.7.7.3}% 93
\BOOKMARK [3][-]{subsubsection.7.7.3.13}{\376\377\0007\000.\0007\000.\0003\000.\0001\0003\000\040\000t\000a\000b\000s}{subsection.7.7.3}% 94
\BOOKMARK [3][-]{subsubsection.7.7.3.14}{\376\377\0007\000.\0007\000.\0003\000.\0001\0004\000\040\000T\000A\000G}{subsection.7.7.3}% 95
\BOOKMARK [3][-]{subsubsection.7.7.3.15}{\376\377\0007\000.\0007\000.\0003\000.\0001\0005\000\040\000T\000E\000R\000M\000I\000N\000A\000T\000O\000R}{subsection.7.7.3}% 96
\BOOKMARK [3][-]{subsubsection.7.7.3.16}{\376\377\0007\000.\0007\000.\0003\000.\0001\0006\000\040\000T\000E\000S\000T\000I\000N\000G}{subsection.7.7.3}% 97
\BOOKMARK [3][-]{subsubsection.7.7.3.17}{\376\377\0007\000.\0007\000.\0003\000.\0001\0007\000\040\000v\000i\000e\000w\000P\000a\000g\000e\000r}{subsection.7.7.3}% 98
\BOOKMARK [1][-]{section.7.8}{\376\377\0007\000.\0008\000\040\000c\000o\000m\000.\000e\000x\000a\000m\000p\000l\000e\000.\000c\000h\000o\000t\000u\000r\000e\000m\000o\000t\000e\000.\000M\000y\000B\000l\000u\000e\000t\000o\000o\000t\000h\000S\000e\000r\000v\000i\000c\000e\000\040\000C\000l\000a\000s\000s\000\040\000R\000e\000f\000e\000r\000e\000n\000c\000e}{chapter.7}% 99
\BOOKMARK [2][-]{subsection.7.8.1}{\376\377\0007\000.\0008\000.\0001\000\040\000D\000e\000t\000a\000i\000l\000e\000d\000\040\000D\000e\000s\000c\000r\000i\000p\000t\000i\000o\000n}{section.7.8}% 100
\BOOKMARK [2][-]{subsection.7.8.2}{\376\377\0007\000.\0008\000.\0002\000\040\000C\000o\000n\000s\000t\000r\000u\000c\000t\000o\000r\000\040\000\046\000\040\000D\000e\000s\000t\000r\000u\000c\000t\000o\000r\000\040\000D\000o\000c\000u\000m\000e\000n\000t\000a\000t\000i\000o\000n}{section.7.8}% 101
\BOOKMARK [3][-]{subsubsection.7.8.2.1}{\376\377\0007\000.\0008\000.\0002\000.\0001\000\040\000M\000y\000B\000l\000u\000e\000t\000o\000o\000t\000h\000S\000e\000r\000v\000i\000c\000e\000\050\000\051}{subsection.7.8.2}% 102
\BOOKMARK [2][-]{subsection.7.8.3}{\376\377\0007\000.\0008\000.\0003\000\040\000M\000e\000m\000b\000e\000r\000\040\000F\000u\000n\000c\000t\000i\000o\000n\000\040\000D\000o\000c\000u\000m\000e\000n\000t\000a\000t\000i\000o\000n}{section.7.8}% 103
\BOOKMARK [3][-]{subsubsection.7.8.3.1}{\376\377\0007\000.\0008\000.\0003\000.\0001\000\040\000c\000a\000n\000c\000e\000l\000T\000h\000r\000e\000a\000d\000s\000\050\000\051}{subsection.7.8.3}% 104
\BOOKMARK [3][-]{subsubsection.7.8.3.2}{\376\377\0007\000.\0008\000.\0003\000.\0002\000\040\000c\000o\000n\000n\000e\000c\000t\000e\000d\000\050\000\051}{subsection.7.8.3}% 105
\BOOKMARK [3][-]{subsubsection.7.8.3.3}{\376\377\0007\000.\0008\000.\0003\000.\0003\000\040\000c\000o\000n\000n\000e\000c\000t\000e\000d\000T\000h\000r\000e\000a\000d\000R\000u\000n\000n\000i\000n\000g\000\050\000\051}{subsection.7.8.3}% 106
\BOOKMARK [3][-]{subsubsection.7.8.3.4}{\376\377\0007\000.\0008\000.\0003\000.\0004\000\040\000s\000h\000o\000w\000T\000o\000a\000s\000t\000\050\000\051}{subsection.7.8.3}% 107
\BOOKMARK [3][-]{subsubsection.7.8.3.5}{\376\377\0007\000.\0008\000.\0003\000.\0005\000\040\000s\000t\000a\000r\000t\000C\000l\000i\000e\000n\000t\000\050\000\051}{subsection.7.8.3}% 108
\BOOKMARK [3][-]{subsubsection.7.8.3.6}{\376\377\0007\000.\0008\000.\0003\000.\0006\000\040\000w\000r\000i\000t\000e\000\050\000\051}{subsection.7.8.3}% 109
\BOOKMARK [2][-]{subsection.7.8.4}{\376\377\0007\000.\0008\000.\0004\000\040\000M\000e\000m\000b\000e\000r\000\040\000D\000a\000t\000a\000\040\000D\000o\000c\000u\000m\000e\000n\000t\000a\000t\000i\000o\000n}{section.7.8}% 110
\BOOKMARK [3][-]{subsubsection.7.8.4.1}{\376\377\0007\000.\0008\000.\0004\000.\0001\000\040\000b\000l\000u\000e\000t\000o\000o\000t\000h\000A\000d\000a\000p\000t\000e\000r}{subsection.7.8.4}% 111
\BOOKMARK [3][-]{subsubsection.7.8.4.2}{\376\377\0007\000.\0008\000.\0004\000.\0002\000\040\000m\000C\000o\000n\000n\000e\000c\000t\000e\000d\000T\000h\000r\000e\000a\000d}{subsection.7.8.4}% 112
\BOOKMARK [3][-]{subsubsection.7.8.4.3}{\376\377\0007\000.\0008\000.\0004\000.\0003\000\040\000m\000C\000o\000n\000n\000e\000c\000t\000e\000d\000T\000h\000r\000e\000a\000d\000R\000u\000n\000n\000i\000n\000g}{subsection.7.8.4}% 113
\BOOKMARK [3][-]{subsubsection.7.8.4.4}{\376\377\0007\000.\0008\000.\0004\000.\0004\000\040\000m\000C\000o\000n\000n\000e\000c\000t\000T\000h\000r\000e\000a\000d}{subsection.7.8.4}% 114
\BOOKMARK [3][-]{subsubsection.7.8.4.5}{\376\377\0007\000.\0008\000.\0004\000.\0005\000\040\000m\000C\000o\000n\000t\000e\000x\000t}{subsection.7.8.4}% 115
\BOOKMARK [3][-]{subsubsection.7.8.4.6}{\376\377\0007\000.\0008\000.\0004\000.\0006\000\040\000m\000m\000D\000e\000v\000i\000c\000e}{subsection.7.8.4}% 116
\BOOKMARK [3][-]{subsubsection.7.8.4.7}{\376\377\0007\000.\0008\000.\0004\000.\0007\000\040\000m\000P\000r\000o\000g\000r\000e\000s\000s\000D\000i\000a\000l\000o\000g}{subsection.7.8.4}% 117
\BOOKMARK [3][-]{subsubsection.7.8.4.8}{\376\377\0007\000.\0008\000.\0004\000.\0008\000\040\000T\000A\000G}{subsection.7.8.4}% 118
\BOOKMARK [1][-]{section.7.9}{\376\377\0007\000.\0009\000\040\000c\000o\000m\000.\000e\000x\000a\000m\000p\000l\000e\000.\000c\000h\000o\000t\000u\000r\000e\000m\000o\000t\000e\000.\000u\000i\000.\000m\000a\000i\000n\000.\000S\000e\000c\000t\000i\000o\000n\000s\000P\000a\000g\000e\000r\000A\000d\000a\000p\000t\000e\000r\000\040\000C\000l\000a\000s\000s\000\040\000R\000e\000f\000e\000r\000e\000n\000c\000e}{chapter.7}% 119
\BOOKMARK [2][-]{subsection.7.9.1}{\376\377\0007\000.\0009\000.\0001\000\040\000D\000e\000t\000a\000i\000l\000e\000d\000\040\000D\000e\000s\000c\000r\000i\000p\000t\000i\000o\000n}{section.7.9}% 120
\BOOKMARK [2][-]{subsection.7.9.2}{\376\377\0007\000.\0009\000.\0002\000\040\000C\000o\000n\000s\000t\000r\000u\000c\000t\000o\000r\000\040\000\046\000\040\000D\000e\000s\000t\000r\000u\000c\000t\000o\000r\000\040\000D\000o\000c\000u\000m\000e\000n\000t\000a\000t\000i\000o\000n}{section.7.9}% 121
\BOOKMARK [3][-]{subsubsection.7.9.2.1}{\376\377\0007\000.\0009\000.\0002\000.\0001\000\040\000S\000e\000c\000t\000i\000o\000n\000s\000P\000a\000g\000e\000r\000A\000d\000a\000p\000t\000e\000r\000\050\000\051}{subsection.7.9.2}% 122
\BOOKMARK [2][-]{subsection.7.9.3}{\376\377\0007\000.\0009\000.\0003\000\040\000M\000e\000m\000b\000e\000r\000\040\000F\000u\000n\000c\000t\000i\000o\000n\000\040\000D\000o\000c\000u\000m\000e\000n\000t\000a\000t\000i\000o\000n}{section.7.9}% 123
\BOOKMARK [3][-]{subsubsection.7.9.3.1}{\376\377\0007\000.\0009\000.\0003\000.\0001\000\040\000g\000e\000t\000C\000o\000u\000n\000t\000\050\000\051}{subsection.7.9.3}% 124
\BOOKMARK [3][-]{subsubsection.7.9.3.2}{\376\377\0007\000.\0009\000.\0003\000.\0002\000\040\000g\000e\000t\000I\000t\000e\000m\000\050\000\051}{subsection.7.9.3}% 125
\BOOKMARK [3][-]{subsubsection.7.9.3.3}{\376\377\0007\000.\0009\000.\0003\000.\0003\000\040\000g\000e\000t\000P\000a\000g\000e\000T\000i\000t\000l\000e\000\050\000\051}{subsection.7.9.3}% 126
\BOOKMARK [2][-]{subsection.7.9.4}{\376\377\0007\000.\0009\000.\0004\000\040\000M\000e\000m\000b\000e\000r\000\040\000D\000a\000t\000a\000\040\000D\000o\000c\000u\000m\000e\000n\000t\000a\000t\000i\000o\000n}{section.7.9}% 127
\BOOKMARK [3][-]{subsubsection.7.9.4.1}{\376\377\0007\000.\0009\000.\0004\000.\0001\000\040\000m\000C\000o\000n\000t\000e\000x\000t}{subsection.7.9.4}% 128
\BOOKMARK [3][-]{subsubsection.7.9.4.2}{\376\377\0007\000.\0009\000.\0004\000.\0002\000\040\000T\000A\000B\000\137\000T\000I\000T\000L\000E\000S}{subsection.7.9.4}% 129
\BOOKMARK [1][-]{section.7.10}{\376\377\0007\000.\0001\0000\000\040\000c\000o\000m\000.\000e\000x\000a\000m\000p\000l\000e\000.\000c\000h\000o\000t\000u\000r\000e\000m\000o\000t\000e\000.\000u\000i\000.\000m\000a\000i\000n\000.\000S\000p\000e\000a\000k\000i\000n\000g\000F\000r\000a\000g\000m\000e\000n\000t\000\040\000C\000l\000a\000s\000s\000\040\000R\000e\000f\000e\000r\000e\000n\000c\000e}{chapter.7}% 130
\BOOKMARK [2][-]{subsection.7.10.1}{\376\377\0007\000.\0001\0000\000.\0001\000\040\000D\000e\000t\000a\000i\000l\000e\000d\000\040\000D\000e\000s\000c\000r\000i\000p\000t\000i\000o\000n}{section.7.10}% 131
\BOOKMARK [2][-]{subsection.7.10.2}{\376\377\0007\000.\0001\0000\000.\0002\000\040\000C\000o\000n\000s\000t\000r\000u\000c\000t\000o\000r\000\040\000\046\000\040\000D\000e\000s\000t\000r\000u\000c\000t\000o\000r\000\040\000D\000o\000c\000u\000m\000e\000n\000t\000a\000t\000i\000o\000n}{section.7.10}% 132
\BOOKMARK [3][-]{subsubsection.7.10.2.1}{\376\377\0007\000.\0001\0000\000.\0002\000.\0001\000\040\000S\000p\000e\000a\000k\000i\000n\000g\000F\000r\000a\000g\000m\000e\000n\000t\000\050\000\051}{subsection.7.10.2}% 133
\BOOKMARK [2][-]{subsection.7.10.3}{\376\377\0007\000.\0001\0000\000.\0003\000\040\000M\000e\000m\000b\000e\000r\000\040\000F\000u\000n\000c\000t\000i\000o\000n\000\040\000D\000o\000c\000u\000m\000e\000n\000t\000a\000t\000i\000o\000n}{section.7.10}% 134
\BOOKMARK [3][-]{subsubsection.7.10.3.1}{\376\377\0007\000.\0001\0000\000.\0003\000.\0001\000\040\000o\000n\000C\000r\000e\000a\000t\000e\000V\000i\000e\000w\000\050\000\051}{subsection.7.10.3}% 135
\BOOKMARK [2][-]{subsection.7.10.4}{\376\377\0007\000.\0001\0000\000.\0004\000\040\000M\000e\000m\000b\000e\000r\000\040\000D\000a\000t\000a\000\040\000D\000o\000c\000u\000m\000e\000n\000t\000a\000t\000i\000o\000n}{section.7.10}% 136
\BOOKMARK [3][-]{subsubsection.7.10.4.1}{\376\377\0007\000.\0001\0000\000.\0004\000.\0001\000\040\000D\000E\000F\000A\000U\000L\000T\000\137\000P\000I\000T\000C\000H}{subsection.7.10.4}% 137
\BOOKMARK [3][-]{subsubsection.7.10.4.2}{\376\377\0007\000.\0001\0000\000.\0004\000.\0002\000\040\000d\000e\000f\000a\000u\000l\000t\000P\000e\000r\000c\000e\000n\000t\000a\000g\000e}{subsection.7.10.4}% 138
\BOOKMARK [3][-]{subsubsection.7.10.4.3}{\376\377\0007\000.\0001\0000\000.\0004\000.\0003\000\040\000m\000y\000P\000i\000t\000c\000h}{subsection.7.10.4}% 139
\BOOKMARK [3][-]{subsubsection.7.10.4.4}{\376\377\0007\000.\0001\0000\000.\0004\000.\0004\000\040\000P\000I\000T\000C\000H\000\137\000F\000A\000C\000T\000O\000R}{subsection.7.10.4}% 140
\BOOKMARK [1][-]{section.7.11}{\376\377\0007\000.\0001\0001\000\040\000c\000o\000m\000.\000e\000x\000a\000m\000p\000l\000e\000.\000c\000h\000o\000t\000u\000r\000e\000m\000o\000t\000e\000.\000u\000i\000.\000m\000a\000i\000n\000.\000W\000o\000r\000d\000\040\000C\000l\000a\000s\000s\000\040\000R\000e\000f\000e\000r\000e\000n\000c\000e}{chapter.7}% 141
\BOOKMARK [2][-]{subsection.7.11.1}{\376\377\0007\000.\0001\0001\000.\0001\000\040\000D\000e\000t\000a\000i\000l\000e\000d\000\040\000D\000e\000s\000c\000r\000i\000p\000t\000i\000o\000n}{section.7.11}% 142
\BOOKMARK [2][-]{subsection.7.11.2}{\376\377\0007\000.\0001\0001\000.\0002\000\040\000C\000o\000n\000s\000t\000r\000u\000c\000t\000o\000r\000\040\000\046\000\040\000D\000e\000s\000t\000r\000u\000c\000t\000o\000r\000\040\000D\000o\000c\000u\000m\000e\000n\000t\000a\000t\000i\000o\000n}{section.7.11}% 143
\BOOKMARK [3][-]{subsubsection.7.11.2.1}{\376\377\0007\000.\0001\0001\000.\0002\000.\0001\000\040\000W\000o\000r\000d\000\050\000\051\000\040\000[\0001\000/\0002\000]}{subsection.7.11.2}% 144
\BOOKMARK [3][-]{subsubsection.7.11.2.2}{\376\377\0007\000.\0001\0001\000.\0002\000.\0002\000\040\000W\000o\000r\000d\000\050\000\051\000\040\000[\0002\000/\0002\000]}{subsection.7.11.2}% 145
\BOOKMARK [2][-]{subsection.7.11.3}{\376\377\0007\000.\0001\0001\000.\0003\000\040\000M\000e\000m\000b\000e\000r\000\040\000F\000u\000n\000c\000t\000i\000o\000n\000\040\000D\000o\000c\000u\000m\000e\000n\000t\000a\000t\000i\000o\000n}{section.7.11}% 146
\BOOKMARK [3][-]{subsubsection.7.11.3.1}{\376\377\0007\000.\0001\0001\000.\0003\000.\0001\000\040\000g\000e\000t\000I\000m\000a\000g\000e\000R\000e\000s\000o\000u\000r\000c\000e\000I\000d\000\050\000\051}{subsection.7.11.3}% 147
\BOOKMARK [3][-]{subsubsection.7.11.3.2}{\376\377\0007\000.\0001\0001\000.\0003\000.\0002\000\040\000g\000e\000t\000S\000t\000r\000i\000n\000g\000R\000e\000s\000o\000u\000r\000c\000e\000I\000d\000\050\000\051}{subsection.7.11.3}% 148
\BOOKMARK [3][-]{subsubsection.7.11.3.3}{\376\377\0007\000.\0001\0001\000.\0003\000.\0003\000\040\000h\000a\000s\000I\000m\000a\000g\000e\000\050\000\051}{subsection.7.11.3}% 149
\BOOKMARK [2][-]{subsection.7.11.4}{\376\377\0007\000.\0001\0001\000.\0004\000\040\000M\000e\000m\000b\000e\000r\000\040\000D\000a\000t\000a\000\040\000D\000o\000c\000u\000m\000e\000n\000t\000a\000t\000i\000o\000n}{section.7.11}% 150
\BOOKMARK [3][-]{subsubsection.7.11.4.1}{\376\377\0007\000.\0001\0001\000.\0004\000.\0001\000\040\000m\000I\000m\000a\000g\000e\000R\000e\000s\000o\000u\000r\000c\000e\000I\000d}{subsection.7.11.4}% 151
\BOOKMARK [3][-]{subsubsection.7.11.4.2}{\376\377\0007\000.\0001\0001\000.\0004\000.\0002\000\040\000m\000S\000t\000r\000i\000n\000g\000R\000e\000s\000o\000u\000r\000c\000e\000I\000d}{subsection.7.11.4}% 152
\BOOKMARK [3][-]{subsubsection.7.11.4.3}{\376\377\0007\000.\0001\0001\000.\0004\000.\0003\000\040\000N\000O\000\137\000I\000M\000A\000G\000E\000\137\000P\000R\000O\000V\000I\000D\000E\000D}{subsection.7.11.4}% 153
\BOOKMARK [0][-]{chapter.8}{\376\377\0008\000\040\000F\000i\000l\000e\000\040\000D\000o\000c\000u\000m\000e\000n\000t\000a\000t\000i\000o\000n}{}% 154
\BOOKMARK [1][-]{section.8.1}{\376\377\0008\000.\0001\000\040\000E\000x\000p\000r\000e\000s\000s\000i\000o\000n\000s\000F\000r\000a\000g\000m\000e\000n\000t\000.\000j\000a\000v\000a\000\040\000F\000i\000l\000e\000\040\000R\000e\000f\000e\000r\000e\000n\000c\000e}{chapter.8}% 155
\BOOKMARK [2][-]{subsection.8.1.1}{\376\377\0008\000.\0001\000.\0001\000\040\000D\000e\000t\000a\000i\000l\000e\000d\000\040\000D\000e\000s\000c\000r\000i\000p\000t\000i\000o\000n}{section.8.1}% 156
\BOOKMARK [1][-]{section.8.2}{\376\377\0008\000.\0002\000\040\000E\000x\000p\000r\000e\000s\000s\000i\000o\000n\000s\000W\000o\000r\000d\000A\000d\000a\000p\000t\000e\000r\000.\000j\000a\000v\000a\000\040\000F\000i\000l\000e\000\040\000R\000e\000f\000e\000r\000e\000n\000c\000e}{chapter.8}% 157
\BOOKMARK [2][-]{subsection.8.2.1}{\376\377\0008\000.\0002\000.\0001\000\040\000D\000e\000t\000a\000i\000l\000e\000d\000\040\000D\000e\000s\000c\000r\000i\000p\000t\000i\000o\000n}{section.8.2}% 158
\BOOKMARK [1][-]{section.8.3}{\376\377\0008\000.\0003\000\040\000L\000o\000c\000o\000m\000o\000t\000i\000o\000n\000F\000r\000a\000g\000m\000e\000n\000t\000.\000j\000a\000v\000a\000\040\000F\000i\000l\000e\000\040\000R\000e\000f\000e\000r\000e\000n\000c\000e}{chapter.8}% 159
\BOOKMARK [2][-]{subsection.8.3.1}{\376\377\0008\000.\0003\000.\0001\000\040\000D\000e\000t\000a\000i\000l\000e\000d\000\040\000D\000e\000s\000c\000r\000i\000p\000t\000i\000o\000n}{section.8.3}% 160
\BOOKMARK [1][-]{section.8.4}{\376\377\0008\000.\0004\000\040\000L\000o\000c\000o\000m\000o\000t\000i\000o\000n\000W\000o\000r\000d\000A\000d\000a\000p\000t\000e\000r\000.\000j\000a\000v\000a\000\040\000F\000i\000l\000e\000\040\000R\000e\000f\000e\000r\000e\000n\000c\000e}{chapter.8}% 161
\BOOKMARK [2][-]{subsection.8.4.1}{\376\377\0008\000.\0004\000.\0001\000\040\000D\000e\000t\000a\000i\000l\000e\000d\000\040\000D\000e\000s\000c\000r\000i\000p\000t\000i\000o\000n}{section.8.4}% 162
\BOOKMARK [1][-]{section.8.5}{\376\377\0008\000.\0005\000\040\000M\000a\000i\000n\000A\000c\000t\000i\000v\000i\000t\000y\000.\000j\000a\000v\000a\000\040\000F\000i\000l\000e\000\040\000R\000e\000f\000e\000r\000e\000n\000c\000e}{chapter.8}% 163
\BOOKMARK [2][-]{subsection.8.5.1}{\376\377\0008\000.\0005\000.\0001\000\040\000D\000e\000t\000a\000i\000l\000e\000d\000\040\000D\000e\000s\000c\000r\000i\000p\000t\000i\000o\000n}{section.8.5}% 164
\BOOKMARK [1][-]{section.8.6}{\376\377\0008\000.\0006\000\040\000M\000y\000B\000l\000u\000e\000t\000o\000o\000t\000h\000S\000e\000r\000v\000i\000c\000e\000.\000j\000a\000v\000a\000\040\000F\000i\000l\000e\000\040\000R\000e\000f\000e\000r\000e\000n\000c\000e}{chapter.8}% 165
\BOOKMARK [2][-]{subsection.8.6.1}{\376\377\0008\000.\0006\000.\0001\000\040\000D\000e\000t\000a\000i\000l\000e\000d\000\040\000D\000e\000s\000c\000r\000i\000p\000t\000i\000o\000n}{section.8.6}% 166
\BOOKMARK [1][-]{section.8.7}{\376\377\0008\000.\0007\000\040\000R\000E\000A\000D\000M\000E\000.\000m\000d\000\040\000F\000i\000l\000e\000\040\000R\000e\000f\000e\000r\000e\000n\000c\000e}{chapter.8}% 167
\BOOKMARK [1][-]{section.8.8}{\376\377\0008\000.\0008\000\040\000S\000e\000c\000t\000i\000o\000n\000s\000P\000a\000g\000e\000r\000A\000d\000a\000p\000t\000e\000r\000.\000j\000a\000v\000a\000\040\000F\000i\000l\000e\000\040\000R\000e\000f\000e\000r\000e\000n\000c\000e}{chapter.8}% 168
\BOOKMARK [2][-]{subsection.8.8.1}{\376\377\0008\000.\0008\000.\0001\000\040\000D\000e\000t\000a\000i\000l\000e\000d\000\040\000D\000e\000s\000c\000r\000i\000p\000t\000i\000o\000n}{section.8.8}% 169
\BOOKMARK [1][-]{section.8.9}{\376\377\0008\000.\0009\000\040\000S\000p\000e\000a\000k\000i\000n\000g\000F\000r\000a\000g\000m\000e\000n\000t\000.\000j\000a\000v\000a\000\040\000F\000i\000l\000e\000\040\000R\000e\000f\000e\000r\000e\000n\000c\000e}{chapter.8}% 170
\BOOKMARK [2][-]{subsection.8.9.1}{\376\377\0008\000.\0009\000.\0001\000\040\000D\000e\000t\000a\000i\000l\000e\000d\000\040\000D\000e\000s\000c\000r\000i\000p\000t\000i\000o\000n}{section.8.9}% 171
\BOOKMARK [1][-]{section.8.10}{\376\377\0008\000.\0001\0000\000\040\000W\000o\000r\000d\000.\000j\000a\000v\000a\000\040\000F\000i\000l\000e\000\040\000R\000e\000f\000e\000r\000e\000n\000c\000e}{chapter.8}% 172
\BOOKMARK [2][-]{subsection.8.10.1}{\376\377\0008\000.\0001\0000\000.\0001\000\040\000D\000e\000t\000a\000i\000l\000e\000d\000\040\000D\000e\000s\000c\000r\000i\000p\000t\000i\000o\000n}{section.8.10}% 173
\BOOKMARK [0][-]{section*.71}{\376\377\000I\000n\000d\000e\000x}{}% 174
